number,value,datetime_start,datetime_complete,duration,params_colsample_bylevel,params_depth,params_lag_transforms_idx,params_lags_idx,params_learning_rate,params_min_data_in_leaf,params_n_estimators,params_subsample,params_target_transforms_idx,user_attrs_config,state
0,inf,2026-08-18 11:28:50.890969,2026-08-18 11:28:50.891745,0 days 00:00:00.000776,0.23208030173540176,8,0,0,0.0010006061777325433,10.141520882110981,446,0.3720993153686558,3,"{'model_params': {'silent': True, 'n_estimators': 446, 'depth': 8, 'learning_rate': 0.0010006061777325433, 'subsample': 0.3720993153686558, 'colsample_bylevel': 0.23208030173540176, 'min_data_in_leaf': 10.141520882110981}, 'mlf_init_params': {'lags': None, 'target_transforms': [<mlforecast.target_transforms.GlobalSklearnTransformer object at 0x0000021102F88CD0>, <mlforecast.target_transforms.LocalStandardScaler object at 0x0000021102D77AD0>], 'lag_transforms': None, 'date_features': None, 'num_threads': 1}, 'mlf_fit_params': {'static_features': []}}",COMPLETE
1,3.2898951154901113,2026-08-18 11:28:50.891970,2026-08-18 11:28:52.341131,0 days 00:00:01.449161,0.2782913401763909,5,1,0,0.01930021084703238,80.27371229887812,687,0.2263482447357104,0,"{'model_params': {'silent': True, 'n_estimators': 687, 'depth': 5, 'learning_rate': 0.01930021084703238, 'subsample': 0.2263482447357104, 'colsample_bylevel': 0.2782913401763909, 'min_data_in_leaf': 80.27371229887812}, 'mlf_init_params': {'lags': None, 'target_transforms': None, 'lag_transforms': {1: [ExponentiallyWeightedMean(alpha=0.9)]}, 'date_features': None, 'num_threads': 1}, 'mlf_fit_params': {'static_features': []}}",COMPLETE
2,inf,2026-08-18 11:28:52.341396,2026-08-18 11:28:52.342246,0 days 00:00:00.000850,0.722689402555426,5,0,0,0.16000462688243752,32.23604746960023,143,0.5798487564757154,4,"{'model_params': {'silent': True, 'n_estimators': 143, 'depth': 5, 'learning_rate': 0.16000462688243752, 'subsample': 0.5798487564757154, 'colsample_bylevel': 0.722689402555426, 'min_data_in_leaf': 32.23604746960023}, 'mlf_init_params': {'lags': None, 'target_transforms': [<mlforecast.target_transforms.GlobalSklearnTransformer object at 0x0000021102EFC9D0>, <mlforecast.target_transforms.Differences object at 0x0000021102EFCC30>, <mlforecast.target_transforms.LocalStandardScaler object at 0x0000021102ECA250>], 'lag_transforms': None, 'date_features': None, 'num_threads': 1}, 'mlf_fit_params': {'static_features': []}}",COMPLETE
3,3.2900658420844344,2026-08-18 11:28:52.342479,2026-08-18 11:28:53.180390,0 days 00:00:00.837911,0.2170257149064499,10,1,0,0.004738217174314708,2.9173288291594104,475,0.3589978047277139,0,"{'model_params': {'silent': True, 'n_estimators': 475, 'depth': 10, 'learning_rate': 0.004738217174314708, 'subsample': 0.3589978047277139, 'colsample_bylevel': 0.2170257149064499, 'min_data_in_leaf': 2.9173288291594104}, 'mlf_init_params': {'lags': None, 'target_transforms': None, 'lag_transforms': {1: [ExponentiallyWeightedMean(alpha=0.9)]}, 'date_features': None, 'num_threads': 1}, 'mlf_fit_params': {'static_features': []}}",COMPLETE
4,2.755153362834052,2026-08-18 11:28:53.180903,2026-08-18 11:28:53.548073,0 days 00:00:00.367170,0.14495811305147846,5,0,1,0.03961280462151686,54.053744185635644,147,0.47276134257421243,2,"{'model_params': {'silent': True, 'n_estimators': 147, 'depth': 5, 'learning_rate': 0.03961280462151686, 'subsample': 0.47276134257421243, 'colsample_bylevel': 0.14495811305147846, 'min_data_in_leaf': 54.053744185635644}, 'mlf_init_params': {'lags': [1], 'target_transforms': [<mlforecast.target_transforms.Differences object at 0x0000021102ED69F0>, <mlforecast.target_transforms.LocalStandardScaler object at 0x0000021103080050>], 'lag_transforms': None, 'date_features': None, 'num_threads': 1}, 'mlf_fit_params': {'static_features': []}}",COMPLETE
5,3.299633753014983,2026-08-18 11:28:53.548328,2026-08-18 11:28:54.133341,0 days 00:00:00.585013,0.7533981868154063,10,0,1,0.006312765759196979,88.44730302937518,207,0.7757308928225399,4,"{'model_params': {'silent': True, 'n_estimators': 207, 'depth': 10, 'learning_rate': 0.006312765759196979, 'subsample': 0.7757308928225399, 'colsample_bylevel': 0.7533981868154063, 'min_data_in_leaf': 88.44730302937518}, 'mlf_init_params': {'lags': [1], 'target_transforms': [<mlforecast.target_transforms.GlobalSklearnTransformer object at 0x0000021102ECA580>, <mlforecast.target_transforms.Differences object at 0x0000021102F1C590>, <mlforecast.target_transforms.LocalStandardScaler object at 0x0000021168128870>], 'lag_transforms': None, 'date_features': None, 'num_threads': 1}, 'mlf_fit_params': {'static_features': []}}",PRUNED
6,3.2901374723725674,2026-08-18 11:28:54.133669,2026-08-18 11:28:54.676969,0 days 00:00:00.543300,0.46732312248515306,10,1,1,0.010845793080018134,24.465671044059743,159,0.6205506529484186,0,"{'model_params': {'silent': True, 'n_estimators': 159, 'depth': 10, 'learning_rate': 0.010845793080018134, 'subsample': 0.6205506529484186, 'colsample_bylevel': 0.46732312248515306, 'min_data_in_leaf': 24.465671044059743}, 'mlf_init_params': {'lags': [1], 'target_transforms': None, 'lag_transforms': {1: [ExponentiallyWeightedMean(alpha=0.9)]}, 'date_features': None, 'num_threads': 1}, 'mlf_fit_params': {'static_features': []}}",COMPLETE
7,2.2665693641637015,2026-08-18 11:28:54.677243,2026-08-18 11:28:55.894381,0 days 00:00:01.217138,0.9975905654063324,1,0,1,0.13761410625886128,18.061710326187526,642,0.7218072257652316,1,"{'model_params': {'silent': True, 'n_estimators': 642, 'depth': 1, 'learning_rate': 0.13761410625886128, 'subsample': 0.7218072257652316, 'colsample_bylevel': 0.9975905654063324, 'min_data_in_leaf': 18.061710326187526}, 'mlf_init_params': {'lags': [1], 'target_transforms': [<mlforecast.target_transforms.LocalStandardScaler object at 0x000002110305ECD0>], 'lag_transforms': None, 'date_features': None, 'num_threads': 1}, 'mlf_fit_params': {'static_features': []}}",PRUNED
8,3.289980009833898,2026-08-18 11:28:55.894621,2026-08-18 11:28:56.193057,0 days 00:00:00.298436,0.8740251538145992,1,1,0,0.0011618072386061404,54.344275369823634,68,0.32158996084274133,1,"{'model_params': {'silent': True, 'n_estimators': 68, 'depth': 1, 'learning_rate': 0.0011618072386061404, 'subsample': 0.32158996084274133, 'colsample_bylevel': 0.8740251538145992, 'min_data_in_leaf': 54.344275369823634}, 'mlf_init_params': {'lags': None, 'target_transforms': [<mlforecast.target_transforms.LocalStandardScaler object at 0x00000211030A0360>], 'lag_transforms': {1: [ExponentiallyWeightedMean(alpha=0.9)]}, 'date_features': None, 'num_threads': 1}, 'mlf_fit_params': {'static_features': []}}",COMPLETE
9,2.266813444278267,2026-08-18 11:28:56.193406,2026-08-18 11:28:56.780674,0 days 00:00:00.587268,0.7724094784634662,9,0,1,0.007806906465732987,56.067783165051466,271,0.8771876691034858,0,"{'model_params': {'silent': True, 'n_estimators': 271, 'depth': 9, 'learning_rate': 0.007806906465732987, 'subsample': 0.8771876691034858, 'colsample_bylevel': 0.7724094784634662, 'min_data_in_leaf': 56.067783165051466}, 'mlf_init_params': {'lags': [1], 'target_transforms': None, 'lag_transforms': None, 'date_features': None, 'num_threads': 1}, 'mlf_fit_params': {'static_features': []}}",PRUNED
10,2.6616838766283637,2026-08-18 11:28:56.780986,2026-08-18 11:28:58.374103,0 days 00:00:01.593117,0.4898465352454333,4,0,1,0.0502968005863366,65.87618986936833,985,0.9888905636062734,2,"{'model_params': {'silent': True, 'n_estimators': 985, 'depth': 4, 'learning_rate': 0.0502968005863366, 'subsample': 0.9888905636062734, 'colsample_bylevel': 0.4898465352454333, 'min_data_in_leaf': 65.87618986936833}, 'mlf_init_params': {'lags': [1], 'target_transforms': [<mlforecast.target_transforms.Differences object at 0x0000021102EEDA70>, <mlforecast.target_transforms.LocalStandardScaler object at 0x0000021102F02930>], 'lag_transforms': None, 'date_features': None, 'num_threads': 1}, 'mlf_fit_params': {'static_features': []}}",COMPLETE
11,2.662165416636701,2026-08-18 11:28:58.374416,2026-08-18 11:28:59.956379,0 days 00:00:01.581963,0.5049169273133794,4,0,1,0.0491645478556502,62.58442047090345,987,0.9766981762171831,2,"{'model_params': {'silent': True, 'n_estimators': 987, 'depth': 4, 'learning_rate': 0.0491645478556502, 'subsample': 0.9766981762171831, 'colsample_bylevel': 0.5049169273133794, 'min_data_in_leaf': 62.58442047090345}, 'mlf_init_params': {'lags': [1], 'target_transforms': [<mlforecast.target_transforms.Differences object at 0x0000021102ECF850>, <mlforecast.target_transforms.LocalStandardScaler object at 0x0000021102F03B30>], 'lag_transforms': None, 'date_features': None, 'num_threads': 1}, 'mlf_fit_params': {'static_features': []}}",COMPLETE
12,2.6631015383385885,2026-08-18 11:28:59.956657,2026-08-18 11:29:01.537846,0 days 00:00:01.581189,0.5297744896222965,3,0,1,0.05455821031235465,72.36000461093374,995,0.9918775207946576,2,"{'model_params': {'silent': True, 'n_estimators': 995, 'depth': 3, 'learning_rate': 0.05455821031235465, 'subsample': 0.9918775207946576, 'colsample_bylevel': 0.5297744896222965, 'min_data_in_leaf': 72.36000461093374}, 'mlf_init_params': {'lags': [1], 'target_transforms': [<mlforecast.target_transforms.Differences object at 0x00000211030A0210>, <mlforecast.target_transforms.LocalStandardScaler object at 0x0000021102F027B0>], 'lag_transforms': None, 'date_features': None, 'num_threads': 1}, 'mlf_fit_params': {'static_features': []}}",COMPLETE
13,2.661626264333871,2026-08-18 11:29:01.538095,2026-08-18 11:29:03.199623,0 days 00:00:01.661528,0.4812145191396958,3,0,1,0.03905572210066989,68.00669685994933,994,0.9811646082043611,2,"{'model_params': {'silent': True, 'n_estimators': 994, 'depth': 3, 'learning_rate': 0.03905572210066989, 'subsample': 0.9811646082043611, 'colsample_bylevel': 0.4812145191396958, 'min_data_in_leaf': 68.00669685994933}, 'mlf_init_params': {'lags': [1], 'target_transforms': [<mlforecast.target_transforms.Differences object at 0x00000211030A0D70>, <mlforecast.target_transforms.LocalStandardScaler object at 0x0000021102F02210>], 'lag_transforms': None, 'date_features': None, 'num_threads': 1}, 'mlf_fit_params': {'static_features': []}}",COMPLETE
14,2.659176845649281,2026-08-18 11:29:03.199978,2026-08-18 11:29:04.878490,0 days 00:00:01.678512,0.3647267818084223,3,0,1,0.022109361986862856,95.95708821814695,821,0.8535280164377872,2,"{'model_params': {'silent': True, 'n_estimators': 821, 'depth': 3, 'learning_rate': 0.022109361986862856, 'subsample': 0.8535280164377872, 'colsample_bylevel': 0.3647267818084223, 'min_data_in_leaf': 95.95708821814695}, 'mlf_init_params': {'lags': [1], 'target_transforms': [<mlforecast.target_transforms.Differences object at 0x00000211030A0EC0>, <mlforecast.target_transforms.LocalStandardScaler object at 0x0000021102F03650>], 'lag_transforms': None, 'date_features': None, 'num_threads': 1}, 'mlf_fit_params': {'static_features': []}}",COMPLETE
15,3.2290357700052255,2026-08-18 11:29:04.878924,2026-08-18 11:29:06.304741,0 days 00:00:01.425817,0.36360998756582386,2,0,1,0.019715654391939844,96.14713621678438,823,0.8014390286668615,2,"{'model_params': {'silent': True, 'n_estimators': 823, 'depth': 2, 'learning_rate': 0.019715654391939844, 'subsample': 0.8014390286668615, 'colsample_bylevel': 0.36360998756582386, 'min_data_in_leaf': 96.14713621678438}, 'mlf_init_params': {'lags': [1], 'target_transforms': [<mlforecast.target_transforms.Differences object at 0x00000211030A0050>, <mlforecast.target_transforms.LocalStandardScaler object at 0x0000021102F029F0>], 'lag_transforms': None, 'date_features': None, 'num_threads': 1}, 'mlf_fit_params': {'static_features': []}}",PRUNED
16,3.2919754399099643,2026-08-18 11:29:06.304967,2026-08-18 11:29:07.743876,0 days 00:00:01.438909,0.3728127799359714,7,0,1,0.0028019340861870105,98.34216872242027,830,0.8570724213747387,3,"{'model_params': {'silent': True, 'n_estimators': 830, 'depth': 7, 'learning_rate': 0.0028019340861870105, 'subsample': 0.8570724213747387, 'colsample_bylevel': 0.3728127799359714, 'min_data_in_leaf': 98.34216872242027}, 'mlf_init_params': {'lags': [1], 'target_transforms': [<mlforecast.target_transforms.GlobalSklearnTransformer object at 0x0000021103080350>, <mlforecast.target_transforms.LocalStandardScaler object at 0x0000021102F01E50>], 'lag_transforms': None, 'date_features': None, 'num_threads': 1}, 'mlf_fit_params': {'static_features': []}}",PRUNED
17,2.660662196235402,2026-08-18 11:29:07.744119,2026-08-18 11:29:09.350396,0 days 00:00:01.606277,0.6065820761749151,3,0,1,0.023100547303063525,42.048782471703504,840,0.6828397093972269,2,"{'model_params': {'silent': True, 'n_estimators': 840, 'depth': 3, 'learning_rate': 0.023100547303063525, 'subsample': 0.6828397093972269, 'colsample_bylevel': 0.6065820761749151, 'min_data_in_leaf': 42.048782471703504}, 'mlf_init_params': {'lags': [1], 'target_transforms': [<mlforecast.target_transforms.Differences object at 0x00000211030A18D0>, <mlforecast.target_transforms.LocalStandardScaler object at 0x0000021102F03B90>], 'lag_transforms': None, 'date_features': None, 'num_threads': 1}, 'mlf_fit_params': {'static_features': []}}",COMPLETE
18,2.244067552532982,2026-08-18 11:29:09.350706,2026-08-18 11:29:11.889609,0 days 00:00:02.538903,0.6394071688190159,6,1,1,0.02103438287663627,40.67638385391815,822,0.6598220296727255,2,"{'model_params': {'silent': True, 'n_estimators': 822, 'depth': 6, 'learning_rate': 0.02103438287663627, 'subsample': 0.6598220296727255, 'colsample_bylevel': 0.6394071688190159, 'min_data_in_leaf': 40.67638385391815}, 'mlf_init_params': {'lags': [1], 'target_transforms': [<mlforecast.target_transforms.Differences object at 0x00000211030A2510>, <mlforecast.target_transforms.LocalStandardScaler object at 0x0000021103061190>], 'lag_transforms': {1: [ExponentiallyWeightedMean(alpha=0.9)]}, 'date_features': None, 'num_threads': 1}, 'mlf_fit_params': {'static_features': []}}",PRUNED
19,2.661889583058046,2026-08-18 11:29:11.889839,2026-08-18 11:29:13.003062,0 days 00:00:01.113223,0.6198513861771149,2,0,1,0.0872696911367916,40.52563017725387,699,0.10640708264186433,2,"{'model_params': {'silent': True, 'n_estimators': 699, 'depth': 2, 'learning_rate': 0.0872696911367916, 'subsample': 0.10640708264186433, 'colsample_bylevel': 0.6198513861771149, 'min_data_in_leaf': 40.52563017725387}, 'mlf_init_params': {'lags': [1], 'target_transforms': [<mlforecast.target_transforms.Differences object at 0x00000211030A26D0>, <mlforecast.target_transforms.LocalStandardScaler object at 0x00000211030610D0>], 'lag_transforms': None, 'date_features': None, 'num_threads': 1}, 'mlf_fit_params': {'static_features': []}}",COMPLETE
